<?xml version="1.0" encoding="UTF-8"?>
<testng-results skipped="0" failed="1" total="3" passed="2">
  <reporter-output>
  </reporter-output>
  <suite name="Default suite" duration-ms="13197" started-at="2018-10-25T17:44:29Z" finished-at="2018-10-25T17:44:42Z">
    <groups>
    </groups>
    <test name="Default test" duration-ms="13197" started-at="2018-10-25T17:44:29Z" finished-at="2018-10-25T17:44:42Z">
      <class name="com.HybridFramework.NewToursHybrid">
        <test-method status="PASS" signature="Launch()[pri:1, instance:com.HybridFramework.NewToursHybrid@36d4b5c]" name="Launch" duration-ms="5662" started-at="2018-10-25T18:44:29Z" finished-at="2018-10-25T18:44:35Z">
          <reporter-output>
          </reporter-output>
        </test-method> <!-- Launch -->
        <test-method status="PASS" signature="signin()[pri:2, instance:com.HybridFramework.NewToursHybrid@36d4b5c]" name="signin" duration-ms="5098" started-at="2018-10-25T18:44:35Z" finished-at="2018-10-25T18:44:40Z">
          <reporter-output>
          </reporter-output>
        </test-method> <!-- signin -->
        <test-method status="FAIL" signature="Register()[pri:3, instance:com.HybridFramework.NewToursHybrid@36d4b5c]" name="Register" duration-ms="2418" started-at="2018-10-25T18:44:40Z" finished-at="2018-10-25T18:44:42Z">
          <exception class="java.lang.IllegalStateException">
            <message>
              <![CDATA[Cannot get a STRING value from a NUMERIC cell]]>
            </message>
            <full-stacktrace>
              <![CDATA[java.lang.IllegalStateException: Cannot get a STRING value from a NUMERIC cell
	at org.apache.poi.xssf.usermodel.XSSFCell.typeMismatch(XSSFCell.java:1050)
	at org.apache.poi.xssf.usermodel.XSSFCell.getRichStringCellValue(XSSFCell.java:404)
	at org.apache.poi.xssf.usermodel.XSSFCell.getStringCellValue(XSSFCell.java:356)
	at com.HybridFramework.NewToursHybrid.Register(NewToursHybrid.java:75)
	at sun.reflect.NativeMethodAccessorImpl.invoke0(Native Method)
	at sun.reflect.NativeMethodAccessorImpl.invoke(Unknown Source)
	at sun.reflect.DelegatingMethodAccessorImpl.invoke(Unknown Source)
	at java.lang.reflect.Method.invoke(Unknown Source)
	at org.testng.internal.MethodInvocationHelper.invokeMethod(MethodInvocationHelper.java:85)
	at org.testng.internal.Invoker.invokeMethod(Invoker.java:639)
	at org.testng.internal.Invoker.invokeTestMethod(Invoker.java:816)
	at org.testng.internal.Invoker.invokeTestMethods(Invoker.java:1124)
	at org.testng.internal.TestMethodWorker.invokeTestMethods(TestMethodWorker.java:125)
	at org.testng.internal.TestMethodWorker.run(TestMethodWorker.java:108)
	at org.testng.TestRunner.privateRun(TestRunner.java:774)
	at org.testng.TestRunner.run(TestRunner.java:624)
	at org.testng.SuiteRunner.runTest(SuiteRunner.java:359)
	at org.testng.SuiteRunner.runSequentially(SuiteRunner.java:354)
	at org.testng.SuiteRunner.privateRun(SuiteRunner.java:312)
	at org.testng.SuiteRunner.run(SuiteRunner.java:261)
	at org.testng.SuiteRunnerWorker.runSuite(SuiteRunnerWorker.java:52)
	at org.testng.SuiteRunnerWorker.run(SuiteRunnerWorker.java:86)
	at org.testng.TestNG.runSuitesSequentially(TestNG.java:1215)
	at org.testng.TestNG.runSuitesLocally(TestNG.java:1140)
	at org.testng.TestNG.run(TestNG.java:1048)
	at org.testng.remote.AbstractRemoteTestNG.run(AbstractRemoteTestNG.java:114)
	at org.testng.remote.RemoteTestNG.initAndRun(RemoteTestNG.java:251)
	at org.testng.remote.RemoteTestNG.main(RemoteTestNG.java:77)
]]>
            </full-stacktrace>
          </exception> <!-- java.lang.IllegalStateException -->
          <reporter-output>
          </reporter-output>
        </test-method> <!-- Register -->
      </class> <!-- com.HybridFramework.NewToursHybrid -->
    </test> <!-- Default test -->
  </suite> <!-- Default suite -->
</testng-results>
